<?xml version="1.0" encoding="UTF-8"?>
<!-- Generated by org.testng.reporters.JUnitReportReporter -->
<testsuite hostname="LAPTOP-4V52DMIG" failures="0" tests="1" name="tests.LoginTest" time="21.797" errors="0" timestamp="2020-08-27T08:44:09 IST" skipped="0">
  <testcase classname="tests.LoginTest" name="login" time="21.797"/>
  <system-out/>
</testsuite> <!-- tests.LoginTest -->
