<?xml version="1.0" encoding="UTF-8"?>
<!-- Generated by org.testng.reporters.JUnitReportReporter -->
<testsuite hostname="LAPTOP-4V52DMIG" failures="0" tests="1" name="tests.ThreeTest" time="19.175" errors="0" timestamp="2020-08-27T08:44:09 IST" skipped="0">
  <testcase classname="tests.ThreeTest" name="testThree" time="19.175"/>
  <system-out/>
</testsuite> <!-- tests.ThreeTest -->
