<?xml version="1.0" encoding="UTF-8"?>
<!-- Generated by org.testng.reporters.JUnitReportReporter -->
<testsuite hostname="LAPTOP-4V52DMIG" failures="0" tests="2" name="tests.LoginTest" time="38.249" errors="0" timestamp="2020-08-26T08:29:49 IST" skipped="0">
  <testcase classname="tests.LoginTest" name="login" time="25.355"/>
  <system-out/>
  <testcase classname="tests.LoginTest" name="login" time="12.894"/>
  <system-out/>
</testsuite> <!-- tests.LoginTest -->
