<?xml version="1.0" encoding="UTF-8"?>
<!-- Generated by org.testng.reporters.JUnitReportReporter -->
<testsuite hostname="LAPTOP-4V52DMIG" failures="0" tests="1" name="tests.FourTest" time="0.007" errors="0" timestamp="2020-08-26T08:29:49 IST" skipped="0">
  <testcase classname="tests.FourTest" name="testFour" time="0.007"/>
  <system-out/>
</testsuite> <!-- tests.FourTest -->
